cross16-sweep.blif
Stage: Creating work/cross16-sweep directory and copying design
Stage: TLUT mapper
Debug: Elapsed time after mapping: 2,050e-01s
Debug: Elapsed time after resource sharing: 2,070e-01s
Debug: Num Cones considered: 8976
Debug: Num Cones retained: 2896
Debug: Num cones not considered because of excessive BDD size: 0
Debug: Num cones not considered to merge because of excessive BDD size: 0
Debug: Times max cone num to consider reached: 0
Debug: Times max cone num to save reached: 0
Luts (TLUTS)    depth           check           
80 (80)         2               PASSED          
Stage: TCON mapper + TLC
Debug: Elapsed time after mapping: 2,150e-01s
Num LUT resources used with sharing: 0
Debug: Elapsed time after resource sharing: 2,210e-01s
Debug: Num Cones considered: 800
Debug: Num Cones retained: 800
Debug: Num cones not considered because of excessive BDD size: 0
Debug: Num cones not considered to merge because of excessive BDD size: 0
Debug: Times max cone num to consider reached: 0
Debug: Times max cone num to save reached: 0
Luts (TLUT/TCON)depth           check           
0 (0/16)        0               PASSED          
Stage: TCON mapper
Debug: Elapsed time after mapping: 2,290e+00s
Num LUT resources used with sharing: 0
Debug: Elapsed time after resource sharing: 2,296e+00s
Debug: Num Cones considered: 52688
Debug: Num Cones retained: 24757
Debug: Num cones not considered because of excessive BDD size: 0
Debug: Num cones not considered to merge because of excessive BDD size: 0
Debug: Times max cone num to consider reached: 16
Debug: Times max cone num to save reached: 0
Luts (TLUT/TCON)depth           check           
0 (0/150)       0               PASSED          
Stage: SimpleMAP
Debug: Elapsed time after mapping: 2,400e-01s
Debug: Num Cones considered: 11120
Debug: Num Cones retained: 3952
Debug: Num cones not considered because of excessive BDD size: 0
Debug: Num cones not considered to merge because of excessive BDD size: 0
Debug: Times max cone num to consider reached: 0
Debug: Times max cone num to save reached: 0
Luts            depth           check           
160             4               PASSED          
Stage: ABC fpga
Luts            depth           check           
160             4               PASSED          
tlc2
Stage: Creating work/tlc2-sweep directory and copying design
Stage: TLUT mapper
Debug: Elapsed time after mapping: 1,950e-01s
Debug: Elapsed time after resource sharing: 1,970e-01s
Debug: Num Cones considered: 10852
Debug: Num Cones retained: 2146
Debug: Num cones not considered because of excessive BDD size: 0
Debug: Num cones not considered to merge because of excessive BDD size: 0
Debug: Times max cone num to consider reached: 0
Debug: Times max cone num to save reached: 0
Luts (TLUTS)    depth           check           
49 (24)         7               PASSED          
Stage: TCON mapper + TLC
Debug: Elapsed time after mapping: 6,220e-01s
Num LUT resources used with sharing: 24
Debug: Elapsed time after resource sharing: 6,280e-01s
Debug: Num Cones considered: 32584
Debug: Num Cones retained: 11031
Debug: Num cones not considered because of excessive BDD size: 0
Debug: Num cones not considered to merge because of excessive BDD size: 0
Debug: Times max cone num to consider reached: 7
Debug: Times max cone num to save reached: 6
Luts (TLUT/TCON)depth           check           
32 (10/2)       5               PASSED          
Stage: TCON mapper
Debug: Elapsed time after mapping: 4,040e-01s
Num LUT resources used with sharing: 23
Debug: Elapsed time after resource sharing: 4,110e-01s
Debug: Num Cones considered: 8558
Debug: Num Cones retained: 1858
Debug: Num cones not considered because of excessive BDD size: 0
Debug: Num cones not considered to merge because of excessive BDD size: 0
Debug: Times max cone num to consider reached: 0
Debug: Times max cone num to save reached: 0
Luts (TLUT/TCON)depth           check           
44 (20/15)      6               PASSED          
Stage: SimpleMAP
Debug: Elapsed time after mapping: 1,860e-01s
Debug: Num Cones considered: 9458
Debug: Num Cones retained: 1844
Debug: Num cones not considered because of excessive BDD size: 0
Debug: Num cones not considered to merge because of excessive BDD size: 0
Debug: Times max cone num to consider reached: 0
Debug: Times max cone num to save reached: 0
Luts            depth           check           
92              7               PASSED          
Stage: ABC fpga
Luts            depth           check           
99              7               PASSED          
tlc4
Stage: Creating work/tlc4-sweep directory and copying design
Stage: TLUT mapper
Debug: Elapsed time after mapping: 4,700e-02s
Debug: Elapsed time after resource sharing: 4,900e-02s
Debug: Num Cones considered: 680
Debug: Num Cones retained: 333
Debug: Num cones not considered because of excessive BDD size: 0
Debug: Num cones not considered to merge because of excessive BDD size: 0
Debug: Times max cone num to consider reached: 0
Debug: Times max cone num to save reached: 0
Luts (TLUTS)    depth           check           
20 (19)         2               PASSED          
Stage: TCON mapper + TLC
Debug: Elapsed time after mapping: 1,090e-01s
Num LUT resources used with sharing: 13
Debug: Elapsed time after resource sharing: 1,150e-01s
Debug: Num Cones considered: 554
Debug: Num Cones retained: 299
Debug: Num cones not considered because of excessive BDD size: 0
Debug: Num cones not considered to merge because of excessive BDD size: 0
Debug: Times max cone num to consider reached: 0
Debug: Times max cone num to save reached: 0
Luts (TLUT/TCON)depth           check           
14 (14/4)       1               PASSED          
Stage: TCON mapper
Debug: Elapsed time after mapping: 1,180e-01s
Num LUT resources used with sharing: 12
Debug: Elapsed time after resource sharing: 1,230e-01s
Debug: Num Cones considered: 671
Debug: Num Cones retained: 331
Debug: Num cones not considered because of excessive BDD size: 0
Debug: Num cones not considered to merge because of excessive BDD size: 0
Debug: Times max cone num to consider reached: 0
Debug: Times max cone num to save reached: 0
Luts (TLUT/TCON)depth           check           
16 (15/10)      2               PASSED          
Stage: SimpleMAP
Debug: Elapsed time after mapping: 6,300e-02s
Debug: Num Cones considered: 1905
Debug: Num Cones retained: 641
Debug: Num cones not considered because of excessive BDD size: 0
Debug: Num cones not considered to merge because of excessive BDD size: 0
Debug: Times max cone num to consider reached: 0
Debug: Times max cone num to save reached: 0
Luts            depth           check           
31              3               PASSED          
Stage: ABC fpga
Luts            depth           check           
32              3               PASSED          
regex
Stage: Creating work/grid_tile directory and copying design
Stage: Synthesizing
Info: *******************************************************************
Info: Running Quartus II 64-Bit Analysis & Synthesis
    Info: Version 10.0 Build 218 06/27/2010 SJ Full Version
    Info: Copyright (C) 1991-2010 Altera Corporation. All rights reserved.
    Info: Your use of Altera Corporation's design tools, logic functions 
    Info: and other software and tools, and its AMPP partner logic 
    Info: functions, and any output files from any of the foregoing 
    Info: (including device programming or simulation files), and any 
    Info: associated documentation or information are expressly subject 
    Info: to the terms and conditions of the Altera Program License 
    Info: Subscription Agreement, Altera MegaCore Function License 
    Info: Agreement, or other applicable license agreement, including, 
    Info: without limitation, that your use is for the sole purpose of 
    Info: programming logic devices manufactured by Altera and sold by 
    Info: Altera or its authorized distributors.  Please refer to the 
    Info: applicable agreement for further details.
    Info: Processing started: Tue Sep 16 15:29:29 2014
Info: Command: quartus_map grid_tile.qsf
Info: Parallel compilation is enabled and will use 4 of the 4 processors detected
Info: Found 2 design units, including 1 entities, in source file design/countDecoder.vhd
    Info: Found design unit 1: countDecoder-RTL
    Info: Found entity 1: countDecoder
Info: Found 2 design units, including 1 entities, in source file design/counter.vhd
    Info: Found design unit 1: counter-rtl
    Info: Found entity 1: counter
Info: Found 2 design units, including 1 entities, in source file design/test.vhd
    Info: Found design unit 1: test-RTL
    Info: Found entity 1: test
Info: Found 2 design units, including 1 entities, in source file design/top_genericblock.vhd
    Info: Found design unit 1: top_genericblock-RTL
    Info: Found entity 1: top_genericblock
Info: Found 2 design units, including 1 entities, in source file design/grid_tile.vhd
    Info: Found design unit 1: grid_tile-RTL
    Info: Found entity 1: grid_tile
Info: Elaborating entity "grid_tile" for the top level hierarchy
Info: Elaborating entity "top_genericblock" for hierarchy "top_genericblock:Counter_ent"
Info: Elaborating entity "counter" for hierarchy "top_genericblock:Counter_ent|counter:Counter_ent"
Info: Elaborating entity "countDecoder" for hierarchy "top_genericblock:Counter_ent|countDecoder:CountDecoder_ent"
Error: Quartus II 64-Bit Analysis & Synthesis was unsuccessful. 0 errors, 0 warnings
    Error: Peak virtual memory: 397 megabytes
    Error: Processing ended: Tue Sep 16 15:29:33 2014
    Error: Elapsed time: 00:00:04
    Error: Total CPU time (on all processors): 00:00:02
Please ignore the error message "Error: Quartus II Analysis & Synthesis was unsuccessful" if 0 errors and 0 warnings are found.
Stage: Generating parameters
Attention: Verify the detected parameters by inspecting work/grid_tile/grid_tile.par
Stage: Resynthesizing
Stage: TLUT mapper
Debug: Elapsed time after mapping: 4,900e-02s
Debug: Elapsed time after resource sharing: 5,100e-02s
Debug: Num Cones considered: 1255
Debug: Num Cones retained: 422
Debug: Num cones not considered because of excessive BDD size: 0
Debug: Num cones not considered to merge because of excessive BDD size: 0
Debug: Times max cone num to consider reached: 0
Debug: Times max cone num to save reached: 0
Luts (TLUTS)    depth           check           
26 (12)         4               PASSED          
Stage: TCON mapper + TLC
Debug: Elapsed time after mapping: 2,540e-01s
Num LUT resources used with sharing: 24
Debug: Elapsed time after resource sharing: 2,600e-01s
Debug: Num Cones considered: 1002
Debug: Num Cones retained: 375
Debug: Num cones not considered because of excessive BDD size: 0
Debug: Num cones not considered to merge because of excessive BDD size: 0
Debug: Times max cone num to consider reached: 0
Debug: Times max cone num to save reached: 0
Luts (TLUT/TCON)depth           check           
24 (8/1)        4               PASSED          
Stage: TCON mapper
Debug: Elapsed time after mapping: 1,810e-01s
Num LUT resources used with sharing: 24
Debug: Elapsed time after resource sharing: 1,860e-01s
Debug: Num Cones considered: 1022
Debug: Num Cones retained: 392
Debug: Num cones not considered because of excessive BDD size: 0
Debug: Num cones not considered to merge because of excessive BDD size: 0
Debug: Times max cone num to consider reached: 0
Debug: Times max cone num to save reached: 0
Luts (TLUT/TCON)depth           check           
24 (9/3)        4               PASSED          
Stage: SimpleMAP
Debug: Elapsed time after mapping: 5,700e-02s
Debug: Num Cones considered: 1562
Debug: Num Cones retained: 481
Debug: Num cones not considered because of excessive BDD size: 0
Debug: Num cones not considered to merge because of excessive BDD size: 0
Debug: Times max cone num to consider reached: 0
Debug: Times max cone num to save reached: 0
Luts            depth           check           
42              5               PASSED          
Stage: ABC fpga
Luts            depth           check           
44              5               PASSED          
